0 verbose cli /Users/sebroda/.nvm/versions/node/v20.19.5/bin/node /Users/sebroda/.nvm/versions/node/v20.19.5/bin/npm
1 info using npm@11.6.2
2 info using node@v20.19.5
3 silly config load:file:/Users/sebroda/.nvm/versions/node/v20.19.5/lib/node_modules/npm/npmrc
4 silly config load:file:/Users/sebroda/Desktop/SebastianRoda-Fordham-hackathon/.npmrc
5 silly config load:file:/Users/sebroda/.npmrc
6 silly config load:file:/Users/sebroda/.nvm/versions/node/v20.19.5/etc/npmrc
7 verbose title npm install clsx motion tailwind-merge @hugeicons/react @number-flow/react @hugeicons/core-free-icons
8 verbose argv "install" "clsx" "motion" "tailwind-merge" "@hugeicons/react" "@number-flow/react" "@hugeicons/core-free-icons" "--cache" ".npm-cache"
9 verbose logfile logs-max:10 dir:/Users/sebroda/Desktop/SebastianRoda-Fordham-hackathon/.npm-cache/_logs/2026-04-08T15_11_26_283Z-
10 verbose logfile /Users/sebroda/Desktop/SebastianRoda-Fordham-hackathon/.npm-cache/_logs/2026-04-08T15_11_26_283Z-debug-0.log
11 silly logfile done cleaning log files
12 silly packumentCache heap:4345298944 maxSize:1086324736 maxEntrySize:543162368
13 silly idealTree buildDeps
14 silly fetch manifest clsx@*
15 silly packumentCache full:https://registry.npmjs.org/clsx cache-miss
16 http fetch GET 200 https://registry.npmjs.org/clsx 218ms (cache miss)
17 silly packumentCache full:https://registry.npmjs.org/clsx set size:undefined disposed:false
18 silly fetch manifest motion@*
19 silly packumentCache full:https://registry.npmjs.org/motion cache-miss
20 http fetch GET 200 https://registry.npmjs.org/npm 457ms
21 http fetch GET 200 https://registry.npmjs.org/motion 129ms (cache miss)
22 silly packumentCache full:https://registry.npmjs.org/motion set size:undefined disposed:false
23 silly fetch manifest @emotion/is-prop-valid@*
24 silly packumentCache full:https://registry.npmjs.org/@emotion%2fis-prop-valid cache-miss
25 http fetch GET 200 https://registry.npmjs.org/@emotion%2fis-prop-valid 70ms (cache miss)
26 silly packumentCache full:https://registry.npmjs.org/@emotion%2fis-prop-valid set size:undefined disposed:false
27 silly fetch manifest react@19.2.3
28 silly packumentCache full:https://registry.npmjs.org/react cache-miss
29 http fetch GET 200 https://registry.npmjs.org/react 192ms (cache miss)
30 silly packumentCache full:https://registry.npmjs.org/react set size:undefined disposed:false
31 silly fetch manifest react-dom@19.2.3
32 silly packumentCache full:https://registry.npmjs.org/react-dom cache-miss
33 http fetch GET 200 https://registry.npmjs.org/react-dom 196ms (cache miss)
34 silly packumentCache full:https://registry.npmjs.org/react-dom set size:undefined disposed:false
35 silly fetch manifest tailwind-merge@*
36 silly packumentCache full:https://registry.npmjs.org/tailwind-merge cache-miss
37 http fetch GET 200 https://registry.npmjs.org/tailwind-merge 80ms (cache miss)
38 silly packumentCache full:https://registry.npmjs.org/tailwind-merge set size:undefined disposed:false
39 silly fetch manifest @hugeicons/react@*
40 silly packumentCache full:https://registry.npmjs.org/@hugeicons%2freact cache-miss
41 http fetch GET 200 https://registry.npmjs.org/@hugeicons%2freact 90ms (cache miss)
42 silly packumentCache full:https://registry.npmjs.org/@hugeicons%2freact set size:undefined disposed:false
43 silly fetch manifest @number-flow/react@*
44 silly packumentCache full:https://registry.npmjs.org/@number-flow%2freact cache-miss
45 http fetch GET 200 https://registry.npmjs.org/@number-flow%2freact 97ms (cache miss)
46 silly packumentCache full:https://registry.npmjs.org/@number-flow%2freact set size:undefined disposed:false
47 silly fetch manifest @hugeicons/core-free-icons@*
48 silly packumentCache full:https://registry.npmjs.org/@hugeicons%2fcore-free-icons cache-miss
49 http fetch GET 200 https://registry.npmjs.org/@hugeicons%2fcore-free-icons 249ms (cache miss)
50 silly packumentCache full:https://registry.npmjs.org/@hugeicons%2fcore-free-icons set size:undefined disposed:false
51 silly placeDep ROOT @hugeicons/core-free-icons@4.1.1 OK for: 6-degrees@0.1.0 want: *
52 silly placeDep ROOT @hugeicons/react@1.1.6 OK for: 6-degrees@0.1.0 want: *
53 silly placeDep ROOT @number-flow/react@0.6.0 OK for: 6-degrees@0.1.0 want: *
54 silly placeDep ROOT clsx@2.1.1 OK for: 6-degrees@0.1.0 want: *
55 silly placeDep ROOT motion@12.38.0 OK for: 6-degrees@0.1.0 want: *
56 silly placeDep ROOT tailwind-merge@3.5.0 OK for: 6-degrees@0.1.0 want: *
57 silly fetch manifest esm-env@^1.1.4
58 silly packumentCache full:https://registry.npmjs.org/esm-env cache-miss
59 silly fetch manifest number-flow@0.6.0
60 silly packumentCache full:https://registry.npmjs.org/number-flow cache-miss
61 silly fetch manifest framer-motion@^12.38.0
62 silly packumentCache full:https://registry.npmjs.org/framer-motion cache-miss
63 http fetch GET 200 https://registry.npmjs.org/esm-env 86ms (cache miss)
64 silly packumentCache full:https://registry.npmjs.org/esm-env set size:undefined disposed:false
65 http fetch GET 200 https://registry.npmjs.org/number-flow 192ms (cache miss)
66 silly packumentCache full:https://registry.npmjs.org/number-flow set size:undefined disposed:false
67 http fetch GET 200 https://registry.npmjs.org/framer-motion 351ms (cache miss)
68 silly packumentCache full:https://registry.npmjs.org/framer-motion set size:undefined disposed:false
69 silly placeDep ROOT esm-env@1.2.2 OK for: @number-flow/react@0.6.0 want: ^1.1.4
70 silly placeDep ROOT number-flow@0.6.0 OK for: @number-flow/react@0.6.0 want: 0.6.0
71 silly fetch manifest react@^18.0.0 || ^19.0.0
72 silly packumentCache full:https://registry.npmjs.org/react cache-miss
73 http cache https://registry.npmjs.org/react 22ms (cache hit)
74 silly packumentCache full:https://registry.npmjs.org/react set size:6585005 disposed:false
75 silly fetch manifest react-dom@^18.0.0 || ^19.0.0
76 silly packumentCache full:https://registry.npmjs.org/react-dom cache-miss
77 http cache https://registry.npmjs.org/react-dom 23ms (cache hit)
78 silly packumentCache full:https://registry.npmjs.org/react-dom set size:8756153 disposed:false
79 silly placeDep ROOT framer-motion@12.38.0 OK for: motion@12.38.0 want: ^12.38.0
80 silly fetch manifest motion-dom@^12.38.0
81 silly packumentCache full:https://registry.npmjs.org/motion-dom cache-miss
82 silly fetch manifest motion-utils@^12.36.0
83 silly packumentCache full:https://registry.npmjs.org/motion-utils cache-miss
84 http fetch GET 200 https://registry.npmjs.org/motion-utils 80ms (cache miss)
85 silly packumentCache full:https://registry.npmjs.org/motion-utils set size:undefined disposed:false
86 http fetch GET 200 https://registry.npmjs.org/motion-dom 95ms (cache miss)
87 silly packumentCache full:https://registry.npmjs.org/motion-dom set size:undefined disposed:false
88 silly placeDep ROOT motion-dom@12.38.0 OK for: framer-motion@12.38.0 want: ^12.38.0
89 silly placeDep ROOT motion-utils@12.36.0 OK for: framer-motion@12.38.0 want: ^12.36.0
90 silly reify moves {}
91 silly audit bulk request {
91 silly audit   '@alloc/quick-lru': [ '5.2.0' ],
91 silly audit   '@babel/code-frame': [ '7.28.6' ],
91 silly audit   '@babel/compat-data': [ '7.28.6' ],
91 silly audit   '@babel/core': [ '7.28.6' ],
91 silly audit   '@babel/generator': [ '7.28.6' ],
91 silly audit   '@babel/helper-compilation-targets': [ '7.28.6' ],
91 silly audit   '@babel/helper-globals': [ '7.28.0' ],
91 silly audit   '@babel/helper-module-imports': [ '7.28.6' ],
91 silly audit   '@babel/helper-module-transforms': [ '7.28.6' ],
91 silly audit   '@babel/helper-string-parser': [ '7.27.1' ],
91 silly audit   '@babel/helper-validator-identifier': [ '7.28.5' ],
91 silly audit   '@babel/helper-validator-option': [ '7.27.1' ],
91 silly audit   '@babel/helpers': [ '7.28.6' ],
91 silly audit   '@babel/parser': [ '7.28.6' ],
91 silly audit   '@babel/template': [ '7.28.6' ],
91 silly audit   '@babel/traverse': [ '7.28.6' ],
91 silly audit   '@babel/types': [ '7.28.6' ],
91 silly audit   '@emnapi/core': [ '1.8.1' ],
91 silly audit   '@emnapi/runtime': [ '1.8.1' ],
91 silly audit   '@emnapi/wasi-threads': [ '1.1.0' ],
91 silly audit   '@eslint-community/eslint-utils': [ '4.9.1' ],
91 silly audit   'eslint-visitor-keys': [ '3.4.3', '4.2.1' ],
91 silly audit   '@eslint-community/regexpp': [ '4.12.2' ],
91 silly audit   '@eslint/config-array': [ '0.21.1' ],
91 silly audit   '@eslint/config-helpers': [ '0.4.2' ],
91 silly audit   '@eslint/core': [ '0.17.0' ],
91 silly audit   '@eslint/eslintrc': [ '3.3.3' ],
91 silly audit   '@eslint/js': [ '9.39.2' ],
91 silly audit   '@eslint/object-schema': [ '2.1.7' ],
91 silly audit   '@eslint/plugin-kit': [ '0.4.1' ],
91 silly audit   '@humanfs/core': [ '0.19.1' ],
91 silly audit   '@humanfs/node': [ '0.16.7' ],
91 silly audit   '@humanwhocodes/module-importer': [ '1.0.1' ],
91 silly audit   '@humanwhocodes/retry': [ '0.4.3' ],
91 silly audit   '@img/colour': [ '1.0.0' ],
91 silly audit   '@img/sharp-darwin-arm64': [ '0.34.5' ],
91 silly audit   '@img/sharp-darwin-x64': [ '0.34.5' ],
91 silly audit   '@img/sharp-libvips-darwin-arm64': [ '1.2.4' ],
91 silly audit   '@img/sharp-libvips-darwin-x64': [ '1.2.4' ],
91 silly audit   '@img/sharp-libvips-linux-arm': [ '1.2.4' ],
91 silly audit   '@img/sharp-libvips-linux-arm64': [ '1.2.4' ],
91 silly audit   '@img/sharp-libvips-linux-ppc64': [ '1.2.4' ],
91 silly audit   '@img/sharp-libvips-linux-riscv64': [ '1.2.4' ],
91 silly audit   '@img/sharp-libvips-linux-s390x': [ '1.2.4' ],
91 silly audit   '@img/sharp-libvips-linux-x64': [ '1.2.4' ],
91 silly audit   '@img/sharp-libvips-linuxmusl-arm64': [ '1.2.4' ],
91 silly audit   '@img/sharp-libvips-linuxmusl-x64': [ '1.2.4' ],
91 silly audit   '@img/sharp-linux-arm': [ '0.34.5' ],
91 silly audit   '@img/sharp-linux-arm64': [ '0.34.5' ],
91 silly audit   '@img/sharp-linux-ppc64': [ '0.34.5' ],
91 silly audit   '@img/sharp-linux-riscv64': [ '0.34.5' ],
91 silly audit   '@img/sharp-linux-s390x': [ '0.34.5' ],
91 silly audit   '@img/sharp-linux-x64': [ '0.34.5' ],
91 silly audit   '@img/sharp-linuxmusl-arm64': [ '0.34.5' ],
91 silly audit   '@img/sharp-linuxmusl-x64': [ '0.34.5' ],
91 silly audit   '@img/sharp-wasm32': [ '0.34.5' ],
91 silly audit   '@img/sharp-win32-arm64': [ '0.34.5' ],
91 silly audit   '@img/sharp-win32-ia32': [ '0.34.5' ],
91 silly audit   '@img/sharp-win32-x64': [ '0.34.5' ],
91 silly audit   '@jridgewell/gen-mapping': [ '0.3.13' ],
91 silly audit   '@jridgewell/remapping': [ '2.3.5' ],
91 silly audit   '@jridgewell/resolve-uri': [ '3.1.2' ],
91 silly audit   '@jridgewell/sourcemap-codec': [ '1.5.5' ],
91 silly audit   '@jridgewell/trace-mapping': [ '0.3.31' ],
91 silly audit   '@napi-rs/wasm-runtime': [ '0.2.12' ],
91 silly audit   '@next/env': [ '16.1.6' ],
91 silly audit   '@next/eslint-plugin-next': [ '16.1.6' ],
91 silly audit   '@next/swc-darwin-arm64': [ '16.1.6' ],
91 silly audit   '@next/swc-darwin-x64': [ '16.1.6' ],
91 silly audit   '@next/swc-linux-arm64-gnu': [ '16.1.6' ],
91 silly audit   '@next/swc-linux-arm64-musl': [ '16.1.6' ],
91 silly audit   '@next/swc-linux-x64-gnu': [ '16.1.6' ],
91 silly audit   '@next/swc-linux-x64-musl': [ '16.1.6' ],
91 silly audit   '@next/swc-win32-arm64-msvc': [ '16.1.6' ],
91 silly audit   '@next/swc-win32-x64-msvc': [ '16.1.6' ],
91 silly audit   '@nodelib/fs.scandir': [ '2.1.5' ],
91 silly audit   '@nodelib/fs.stat': [ '2.0.5' ],
91 silly audit   '@nodelib/fs.walk': [ '1.2.8' ],
91 silly audit   '@nolyfill/is-core-module': [ '1.0.39' ],
91 silly audit   '@rtsao/scc': [ '1.1.0' ],
91 silly audit   '@swc/helpers': [ '0.5.15' ],
91 silly audit   '@tailwindcss/node': [ '4.1.18' ],
91 silly audit   '@tailwindcss/oxide': [ '4.1.18' ],
91 silly audit   '@tailwindcss/oxide-android-arm64': [ '4.1.18' ],
91 silly audit   '@tailwindcss/oxide-darwin-arm64': [ '4.1.18' ],
91 silly audit   '@tailwindcss/oxide-darwin-x64': [ '4.1.18' ],
91 silly audit   '@tailwindcss/oxide-freebsd-x64': [ '4.1.18' ],
91 silly audit   '@tailwindcss/oxide-linux-arm-gnueabihf': [ '4.1.18' ],
91 silly audit   '@tailwindcss/oxide-linux-arm64-gnu': [ '4.1.18' ],
91 silly audit   '@tailwindcss/oxide-linux-arm64-musl': [ '4.1.18' ],
91 silly audit   '@tailwindcss/oxide-linux-x64-gnu': [ '4.1.18' ],
91 silly audit   '@tailwindcss/oxide-linux-x64-musl': [ '4.1.18' ],
91 silly audit   '@tailwindcss/oxide-wasm32-wasi': [ '4.1.18' ],
91 silly audit   '@tailwindcss/oxide-win32-arm64-msvc': [ '4.1.18' ],
91 silly audit   '@tailwindcss/oxide-win32-x64-msvc': [ '4.1.18' ],
91 silly audit   '@tailwindcss/postcss': [ '4.1.18' ],
91 silly audit   '@tybys/wasm-util': [ '0.10.1' ],
91 silly audit   '@types/estree': [ '1.0.8' ],
91 silly audit   '@types/json-schema': [ '7.0.15' ],
91 silly audit   '@types/json5': [ '0.0.29' ],
91 silly audit   '@types/node': [ '20.19.30' ],
91 silly audit   '@types/react': [ '19.2.10' ],
91 silly audit   '@types/react-dom': [ '19.2.3' ],
91 silly audit   '@typescript-eslint/eslint-plugin': [ '8.54.0' ],
91 silly audit   ignore: [ '7.0.5', '5.3.2' ],
91 silly audit   '@typescript-eslint/parser': [ '8.54.0' ],
91 silly audit   '@typescript-eslint/project-service': [ '8.54.0' ],
91 silly audit   '@typescript-eslint/scope-manager': [ '8.54.0' ],
91 silly audit   '@typescript-eslint/tsconfig-utils': [ '8.54.0' ],
91 silly audit   '@typescript-eslint/type-utils': [ '8.54.0' ],
91 silly audit   '@typescript-eslint/types': [ '8.54.0' ],
91 silly audit   '@typescript-eslint/typescript-estree': [ '8.54.0' ],
91 silly audit   'brace-expansion': [ '2.0.2', '1.1.12' ],
91 silly audit   minimatch: [ '9.0.5', '3.1.2' ],
91 silly audit   semver: [ '7.7.3', '6.3.1' ],
91 silly audit   '@typescript-eslint/utils': [ '8.54.0' ],
91 silly audit   '@typescript-eslint/visitor-keys': [ '8.54.0' ],
91 silly audit   '@unrs/resolver-binding-android-arm-eabi': [ '1.11.1' ],
91 silly audit   '@unrs/resolver-binding-android-arm64': [ '1.11.1' ],
91 silly audit   '@unrs/resolver-binding-darwin-arm64': [ '1.11.1' ],
91 silly audit   '@unrs/resolver-binding-darwin-x64': [ '1.11.1' ],
91 silly audit   '@unrs/resolver-binding-freebsd-x64': [ '1.11.1' ],
91 silly audit   '@unrs/resolver-binding-linux-arm-gnueabihf': [ '1.11.1' ],
91 silly audit   '@unrs/resolver-binding-linux-arm-musleabihf': [ '1.11.1' ],
91 silly audit   '@unrs/resolver-binding-linux-arm64-gnu': [ '1.11.1' ],
91 silly audit   '@unrs/resolver-binding-linux-arm64-musl': [ '1.11.1' ],
91 silly audit   '@unrs/resolver-binding-linux-ppc64-gnu': [ '1.11.1' ],
91 silly audit   '@unrs/resolver-binding-linux-riscv64-gnu': [ '1.11.1' ],
91 silly audit   '@unrs/resolver-binding-linux-riscv64-musl': [ '1.11.1' ],
91 silly audit   '@unrs/resolver-binding-linux-s390x-gnu': [ '1.11.1' ],
91 silly audit   '@unrs/resolver-binding-linux-x64-gnu': [ '1.11.1' ],
91 silly audit   '@unrs/resolver-binding-linux-x64-musl': [ '1.11.1' ],
91 silly audit   '@unrs/resolver-binding-wasm32-wasi': [ '1.11.1' ],
91 silly audit   '@unrs/resolver-binding-win32-arm64-msvc': [ '1.11.1' ],
91 silly audit   '@unrs/resolver-binding-win32-ia32-msvc': [ '1.11.1' ],
91 silly audit   '@unrs/resolver-binding-win32-x64-msvc': [ '1.11.1' ],
91 silly audit   acorn: [ '8.15.0' ],
91 silly audit   'acorn-jsx': [ '5.3.2' ],
91 silly audit   ajv: [ '6.12.6' ],
91 silly audit   'ansi-styles': [ '4.3.0' ],
91 silly audit   argparse: [ '2.0.1' ],
91 silly audit   'aria-query': [ '5.3.2' ],
91 silly audit   'array-buffer-byte-length': [ '1.0.2' ],
91 silly audit   'array-includes': [ '3.1.9' ],
91 silly audit   'array.prototype.findlast': [ '1.2.5' ],
91 silly audit   'array.prototype.findlastindex': [ '1.2.6' ],
91 silly audit   'array.prototype.flat': [ '1.3.3' ],
91 silly audit   'array.prototype.flatmap': [ '1.3.3' ],
91 silly audit   'array.prototype.tosorted': [ '1.1.4' ],
91 silly audit   'arraybuffer.prototype.slice': [ '1.0.4' ],
91 silly audit   'ast-types-flow': [ '0.0.8' ],
91 silly audit   'async-function': [ '1.0.0' ],
91 silly audit   'available-typed-arrays': [ '1.0.7' ],
91 silly audit   'axe-core': [ '4.11.1' ],
91 silly audit   'axobject-query': [ '4.1.0' ],
91 silly audit   'balanced-match': [ '1.0.2' ],
91 silly audit   'baseline-browser-mapping': [ '2.9.18' ],
91 silly audit   braces: [ '3.0.3' ],
91 silly audit   browserslist: [ '4.28.1' ],
91 silly audit   'call-bind': [ '1.0.8' ],
91 silly audit   'call-bind-apply-helpers': [ '1.0.2' ],
91 silly audit   'call-bound': [ '1.0.4' ],
91 silly audit   callsites: [ '3.1.0' ],
91 silly audit   'caniuse-lite': [ '1.0.30001766' ],
91 silly audit   chalk: [ '4.1.2' ],
91 silly audit   'client-only': [ '0.0.1' ],
91 silly audit   'color-convert': [ '2.0.1' ],
91 silly audit   'color-name': [ '1.1.4' ],
91 silly audit   'concat-map': [ '0.0.1' ],
91 silly audit   'convert-source-map': [ '2.0.0' ],
91 silly audit   'cross-spawn': [ '7.0.6' ],
91 silly audit   csstype: [ '3.2.3' ],
91 silly audit   'damerau-levenshtein': [ '1.0.8' ],
91 silly audit   'data-view-buffer': [ '1.0.2' ],
91 silly audit   'data-view-byte-length': [ '1.0.2' ],
91 silly audit   'data-view-byte-offset': [ '1.0.1' ],
91 silly audit   debug: [ '4.4.3', '3.2.7' ],
91 silly audit   'deep-is': [ '0.1.4' ],
91 silly audit   'define-data-property': [ '1.1.4' ],
91 silly audit   'define-properties': [ '1.2.1' ],
91 silly audit   'detect-libc': [ '2.1.2' ],
91 silly audit   doctrine: [ '2.1.0' ],
91 silly audit   'dunder-proto': [ '1.0.1' ],
91 silly audit   'electron-to-chromium': [ '1.5.279' ],
91 silly audit   'emoji-regex': [ '9.2.2' ],
91 silly audit   'enhanced-resolve': [ '5.18.4' ],
91 silly audit   'es-abstract': [ '1.24.1' ],
91 silly audit   'es-define-property': [ '1.0.1' ],
91 silly audit   'es-errors': [ '1.3.0' ],
91 silly audit   'es-iterator-helpers': [ '1.2.2' ],
91 silly audit   'es-object-atoms': [ '1.1.1' ],
91 silly audit   'es-set-tostringtag': [ '2.1.0' ],
91 silly audit   'es-shim-unscopables': [ '1.1.0' ],
91 silly audit   'es-to-primitive': [ '1.3.0' ],
91 silly audit   escalade: [ '3.2.0' ],
91 silly audit   'escape-string-regexp': [ '4.0.0' ],
91 silly audit   eslint: [ '9.39.2' ],
91 silly audit   'eslint-config-next': [ '16.1.6' ],
91 silly audit   globals: [ '16.4.0', '14.0.0' ],
91 silly audit   'eslint-import-resolver-node': [ '0.3.9' ],
91 silly audit   'eslint-import-resolver-typescript': [ '3.10.1' ],
91 silly audit   'eslint-module-utils': [ '2.12.1' ],
91 silly audit   'eslint-plugin-import': [ '2.32.0' ],
91 silly audit   'eslint-plugin-jsx-a11y': [ '6.10.2' ],
91 silly audit   'eslint-plugin-react': [ '7.37.5' ],
91 silly audit   'eslint-plugin-react-hooks': [ '7.0.1' ],
91 silly audit   resolve: [ '2.0.0-next.5', '1.22.11' ],
91 silly audit   'eslint-scope': [ '8.4.0' ],
91 silly audit   espree: [ '10.4.0' ],
91 silly audit   esquery: [ '1.7.0' ],
91 silly audit   esrecurse: [ '4.3.0' ],
91 silly audit   estraverse: [ '5.3.0' ],
91 silly audit   esutils: [ '2.0.3' ],
91 silly audit   'fast-deep-equal': [ '3.1.3' ],
91 silly audit   'fast-glob': [ '3.3.1' ],
91 silly audit   'glob-parent': [ '5.1.2', '6.0.2' ],
91 silly audit   'fast-json-stable-stringify': [ '2.1.0' ],
91 silly audit   'fast-levenshtein': [ '2.0.6' ],
91 silly audit   fastq: [ '1.20.1' ],
91 silly audit   'file-entry-cache': [ '8.0.0' ],
91 silly audit   'fill-range': [ '7.1.1' ],
91 silly audit   'find-up': [ '5.0.0' ],
91 silly audit   'flat-cache': [ '4.0.1' ],
91 silly audit   flatted: [ '3.3.3' ],
91 silly audit   'for-each': [ '0.3.5' ],
91 silly audit   'function-bind': [ '1.1.2' ],
91 silly audit   'function.prototype.name': [ '1.1.8' ],
91 silly audit   'functions-have-names': [ '1.2.3' ],
91 silly audit   'generator-function': [ '2.0.1' ],
91 silly audit   gensync: [ '1.0.0-beta.2' ],
91 silly audit   'get-intrinsic': [ '1.3.0' ],
91 silly audit   'get-proto': [ '1.0.1' ],
91 silly audit   'get-symbol-description': [ '1.1.0' ],
91 silly audit   'get-tsconfig': [ '4.13.0' ],
91 silly audit   globalthis: [ '1.0.4' ],
91 silly audit   gopd: [ '1.2.0' ],
91 silly audit   'graceful-fs': [ '4.2.11' ],
91 silly audit   'has-bigints': [ '1.1.0' ],
91 silly audit   'has-flag': [ '4.0.0' ],
91 silly audit   'has-property-descriptors': [ '1.0.2' ],
91 silly audit   'has-proto': [ '1.2.0' ],
91 silly audit   'has-symbols': [ '1.1.0' ],
91 silly audit   'has-tostringtag': [ '1.0.2' ],
91 silly audit   hasown: [ '2.0.2' ],
91 silly audit   'hermes-estree': [ '0.25.1' ],
91 silly audit   'hermes-parser': [ '0.25.1' ],
91 silly audit   'import-fresh': [ '3.3.1' ],
91 silly audit   imurmurhash: [ '0.1.4' ],
91 silly audit   'internal-slot': [ '1.1.0' ],
91 silly audit   'is-array-buffer': [ '3.0.5' ],
91 silly audit   'is-async-function': [ '2.1.1' ],
91 silly audit   'is-bigint': [ '1.1.0' ],
91 silly audit   'is-boolean-object': [ '1.2.2' ],
91 silly audit   'is-bun-module': [ '2.0.0' ],
91 silly audit   'is-callable': [ '1.2.7' ],
91 silly audit   'is-core-module': [ '2.16.1' ],
91 silly audit   'is-data-view': [ '1.0.2' ],
91 silly audit   'is-date-object': [ '1.1.0' ],
91 silly audit   'is-extglob': [ '2.1.1' ],
91 silly audit   'is-finalizationregistry': [ '1.1.1' ],
91 silly audit   'is-generator-function': [ '1.1.2' ],
91 silly audit   'is-glob': [ '4.0.3' ],
91 silly audit   'is-map': [ '2.0.3' ],
91 silly audit   'is-negative-zero': [ '2.0.3' ],
91 silly audit   'is-number': [ '7.0.0' ],
91 silly audit   'is-number-object': [ '1.1.1' ],
91 silly audit   'is-regex': [ '1.2.1' ],
91 silly audit   'is-set': [ '2.0.3' ],
91 silly audit   'is-shared-array-buffer': [ '1.0.4' ],
91 silly audit   'is-string': [ '1.1.1' ],
91 silly audit   'is-symbol': [ '1.1.1' ],
91 silly audit   'is-typed-array': [ '1.1.15' ],
91 silly audit   'is-weakmap': [ '2.0.2' ],
91 silly audit   'is-weakref': [ '1.1.1' ],
91 silly audit   'is-weakset': [ '2.0.4' ],
91 silly audit   isarray: [ '2.0.5' ],
91 silly audit   isexe: [ '2.0.0' ],
91 silly audit   'iterator.prototype': [ '1.1.5' ],
91 silly audit   jiti: [ '2.6.1' ],
91 silly audit   'js-tokens': [ '4.0.0' ],
91 silly audit   'js-yaml': [ '4.1.1' ],
91 silly audit   jsesc: [ '3.1.0' ],
91 silly audit   'json-buffer': [ '3.0.1' ],
91 silly audit   'json-schema-traverse': [ '0.4.1' ],
91 silly audit   'json-stable-stringify-without-jsonify': [ '1.0.1' ],
91 silly audit   json5: [ '2.2.3', '1.0.2' ],
91 silly audit   'jsx-ast-utils': [ '3.3.5' ],
91 silly audit   keyv: [ '4.5.4' ],
91 silly audit   'language-subtag-registry': [ '0.3.23' ],
91 silly audit   'language-tags': [ '1.0.9' ],
91 silly audit   levn: [ '0.4.1' ],
91 silly audit   lightningcss: [ '1.30.2' ],
91 silly audit   'lightningcss-android-arm64': [ '1.30.2' ],
91 silly audit   'lightningcss-darwin-arm64': [ '1.30.2' ],
91 silly audit   'lightningcss-darwin-x64': [ '1.30.2' ],
91 silly audit   'lightningcss-freebsd-x64': [ '1.30.2' ],
91 silly audit   'lightningcss-linux-arm-gnueabihf': [ '1.30.2' ],
91 silly audit   'lightningcss-linux-arm64-gnu': [ '1.30.2' ],
91 silly audit   'lightningcss-linux-arm64-musl': [ '1.30.2' ],
91 silly audit   'lightningcss-linux-x64-gnu': [ '1.30.2' ],
91 silly audit   'lightningcss-linux-x64-musl': [ '1.30.2' ],
91 silly audit   'lightningcss-win32-arm64-msvc': [ '1.30.2' ],
91 silly audit   'lightningcss-win32-x64-msvc': [ '1.30.2' ],
91 silly audit   'locate-path': [ '6.0.0' ],
91 silly audit   'lodash.merge': [ '4.6.2' ],
91 silly audit   'loose-envify': [ '1.4.0' ],
91 silly audit   'lru-cache': [ '5.1.1' ],
91 silly audit   'lucide-react': [ '1.7.0' ],
91 silly audit   'magic-string': [ '0.30.21' ],
91 silly audit   'math-intrinsics': [ '1.1.0' ],
91 silly audit   merge2: [ '1.4.1' ],
91 silly audit   micromatch: [ '4.0.8' ],
91 silly audit   minimist: [ '1.2.8' ],
91 silly audit   ms: [ '2.1.3' ],
91 silly audit   nanoid: [ '3.3.11' ],
91 silly audit   'napi-postinstall': [ '0.3.4' ],
91 silly audit   'natural-compare': [ '1.4.0' ],
91 silly audit   next: [ '16.1.6' ],
91 silly audit   postcss: [ '8.4.31', '8.5.6' ],
91 silly audit   'node-releases': [ '2.0.27' ],
91 silly audit   'object-assign': [ '4.1.1' ],
91 silly audit   'object-inspect': [ '1.13.4' ],
91 silly audit   'object-keys': [ '1.1.1' ],
91 silly audit   'object.assign': [ '4.1.7' ],
91 silly audit   'object.entries': [ '1.1.9' ],
91 silly audit   'object.fromentries': [ '2.0.8' ],
91 silly audit   'object.groupby': [ '1.0.3' ],
91 silly audit   'object.values': [ '1.2.1' ],
91 silly audit   optionator: [ '0.9.4' ],
91 silly audit   'own-keys': [ '1.0.1' ],
91 silly audit   'p-limit': [ '3.1.0' ],
91 silly audit   'p-locate': [ '5.0.0' ],
91 silly audit   'parent-module': [ '1.0.1' ],
91 silly audit   'path-exists': [ '4.0.0' ],
91 silly audit   'path-key': [ '3.1.1' ],
91 silly audit   'path-parse': [ '1.0.7' ],
91 silly audit   picocolors: [ '1.1.1' ],
91 silly audit   picomatch: [ '2.3.1', '4.0.3' ],
91 silly audit   'possible-typed-array-names': [ '1.1.0' ],
91 silly audit   'prelude-ls': [ '1.2.1' ],
91 silly audit   'prop-types': [ '15.8.1' ],
91 silly audit   punycode: [ '2.3.1' ],
91 silly audit   'queue-microtask': [ '1.2.3' ],
91 silly audit   react: [ '19.2.3' ],
91 silly audit   'react-dom': [ '19.2.3' ],
91 silly audit   'react-is': [ '16.13.1' ],
91 silly audit   'reflect.getprototypeof': [ '1.0.10' ],
91 silly audit   'regexp.prototype.flags': [ '1.5.4' ],
91 silly audit   'resolve-from': [ '4.0.0' ],
91 silly audit   'resolve-pkg-maps': [ '1.0.0' ],
91 silly audit   reusify: [ '1.1.0' ],
91 silly audit   'run-parallel': [ '1.2.0' ],
91 silly audit   'safe-array-concat': [ '1.1.3' ],
91 silly audit   'safe-push-apply': [ '1.0.0' ],
91 silly audit   'safe-regex-test': [ '1.1.0' ],
91 silly audit   scheduler: [ '0.27.0' ],
91 silly audit   'set-function-length': [ '1.2.2' ],
91 silly audit   'set-function-name': [ '2.0.2' ],
91 silly audit   'set-proto': [ '1.0.0' ],
91 silly audit   sharp: [ '0.34.5' ],
91 silly audit   'shebang-command': [ '2.0.0' ],
91 silly audit   'shebang-regex': [ '3.0.0' ],
91 silly audit   'side-channel': [ '1.1.0' ],
91 silly audit   'side-channel-list': [ '1.0.0' ],
91 silly audit   'side-channel-map': [ '1.0.1' ],
91 silly audit   'side-channel-weakmap': [ '1.0.2' ],
91 silly audit   'source-map-js': [ '1.2.1' ],
91 silly audit   'stable-hash': [ '0.0.5' ],
91 silly audit   'stop-iteration-iterator': [ '1.1.0' ],
91 silly audit   'string.prototype.includes': [ '2.0.1' ],
91 silly audit   'string.prototype.matchall': [ '4.0.12' ],
91 silly audit   'string.prototype.repeat': [ '1.0.0' ],
91 silly audit   'string.prototype.trim': [ '1.2.10' ],
91 silly audit   'string.prototype.trimend': [ '1.0.9' ],
91 silly audit   'string.prototype.trimstart': [ '1.0.8' ],
91 silly audit   'strip-bom': [ '3.0.0' ],
91 silly audit   'strip-json-comments': [ '3.1.1' ],
91 silly audit   'styled-jsx': [ '5.1.6' ],
91 silly audit   'supports-color': [ '7.2.0' ],
91 silly audit   'supports-preserve-symlinks-flag': [ '1.0.0' ],
91 silly audit   tailwindcss: [ '4.1.18' ],
91 silly audit   tapable: [ '2.3.0' ],
91 silly audit   tinyglobby: [ '0.2.15' ],
91 silly audit   fdir: [ '6.5.0' ],
91 silly audit   'to-regex-range': [ '5.0.1' ],
91 silly audit   'ts-api-utils': [ '2.4.0' ],
91 silly audit   'tsconfig-paths': [ '3.15.0' ],
91 silly audit   tslib: [ '2.8.1' ],
91 silly audit   'tw-animate-css': [ '1.4.0' ],
91 silly audit   'type-check': [ '0.4.0' ],
91 silly audit   'typed-array-buffer': [ '1.0.3' ],
91 silly audit   'typed-array-byte-length': [ '1.0.3' ],
91 silly audit   'typed-array-byte-offset': [ '1.0.4' ],
91 silly audit   'typed-array-length': [ '1.0.7' ],
91 silly audit   typescript: [ '5.9.3' ],
91 silly audit   'typescript-eslint': [ '8.54.0' ],
91 silly audit   'unbox-primitive': [ '1.1.0' ],
91 silly audit   'undici-types': [ '6.21.0' ],
91 silly audit   'unrs-resolver': [ '1.11.1' ],
91 silly audit   'update-browserslist-db': [ '1.2.3' ],
91 silly audit   'uri-js': [ '4.4.1' ],
91 silly audit   which: [ '2.0.2' ],
91 silly audit   'which-boxed-primitive': [ '1.1.1' ],
91 silly audit   'which-builtin-type': [ '1.2.1' ],
91 silly audit   'which-collection': [ '1.0.2' ],
91 silly audit   'which-typed-array': [ '1.1.20' ],
91 silly audit   'word-wrap': [ '1.2.5' ],
91 silly audit   yallist: [ '3.1.1' ],
91 silly audit   'yocto-queue': [ '0.1.0' ],
91 silly audit   zod: [ '4.3.6' ],
91 silly audit   'zod-validation-error': [ '4.0.2' ],
91 silly audit   '@hugeicons/core-free-icons': [ '4.1.1' ],
91 silly audit   '@hugeicons/react': [ '1.1.6' ],
91 silly audit   '@number-flow/react': [ '0.6.0' ],
91 silly audit   clsx: [ '2.1.1' ],
91 silly audit   motion: [ '12.38.0' ],
91 silly audit   'tailwind-merge': [ '3.5.0' ],
91 silly audit   'esm-env': [ '1.2.2' ],
91 silly audit   'number-flow': [ '0.6.0' ],
91 silly audit   'framer-motion': [ '12.38.0' ],
91 silly audit   'motion-dom': [ '12.38.0' ],
91 silly audit   'motion-utils': [ '12.36.0' ]
91 silly audit }
92 http cache motion-dom@https://registry.npmjs.org/motion-dom/-/motion-dom-12.38.0.tgz 0ms (cache hit)
93 http cache motion-utils@https://registry.npmjs.org/motion-utils/-/motion-utils-12.36.0.tgz 0ms (cache hit)
94 http cache framer-motion@https://registry.npmjs.org/framer-motion/-/framer-motion-12.38.0.tgz 0ms (cache hit)
95 http cache number-flow@https://registry.npmjs.org/number-flow/-/number-flow-0.6.0.tgz 0ms (cache hit)
96 http cache esm-env@https://registry.npmjs.org/esm-env/-/esm-env-1.2.2.tgz 0ms (cache hit)
97 http cache motion@https://registry.npmjs.org/motion/-/motion-12.38.0.tgz 0ms (cache hit)
98 http cache tailwind-merge@https://registry.npmjs.org/tailwind-merge/-/tailwind-merge-3.5.0.tgz 0ms (cache hit)
99 http cache clsx@https://registry.npmjs.org/clsx/-/clsx-2.1.1.tgz 0ms (cache hit)
100 http cache @number-flow/react@https://registry.npmjs.org/@number-flow/react/-/react-0.6.0.tgz 0ms (cache hit)
101 http cache @hugeicons/react@https://registry.npmjs.org/@hugeicons/react/-/react-1.1.6.tgz 0ms (cache hit)
102 silly tarball no local data for motion-dom@https://registry.npmjs.org/motion-dom/-/motion-dom-12.38.0.tgz. Extracting by manifest.
103 silly tarball no local data for motion-utils@https://registry.npmjs.org/motion-utils/-/motion-utils-12.36.0.tgz. Extracting by manifest.
104 http cache @hugeicons/core-free-icons@https://registry.npmjs.org/@hugeicons/core-free-icons/-/core-free-icons-4.1.1.tgz 0ms (cache hit)
105 silly tarball no local data for framer-motion@https://registry.npmjs.org/framer-motion/-/framer-motion-12.38.0.tgz. Extracting by manifest.
106 silly tarball no local data for number-flow@https://registry.npmjs.org/number-flow/-/number-flow-0.6.0.tgz. Extracting by manifest.
107 silly tarball no local data for esm-env@https://registry.npmjs.org/esm-env/-/esm-env-1.2.2.tgz. Extracting by manifest.
108 silly tarball no local data for motion@https://registry.npmjs.org/motion/-/motion-12.38.0.tgz. Extracting by manifest.
109 silly tarball no local data for tailwind-merge@https://registry.npmjs.org/tailwind-merge/-/tailwind-merge-3.5.0.tgz. Extracting by manifest.
110 silly tarball no local data for clsx@https://registry.npmjs.org/clsx/-/clsx-2.1.1.tgz. Extracting by manifest.
111 silly tarball no local data for @number-flow/react@https://registry.npmjs.org/@number-flow/react/-/react-0.6.0.tgz. Extracting by manifest.
112 silly tarball no local data for @hugeicons/react@https://registry.npmjs.org/@hugeicons/react/-/react-1.1.6.tgz. Extracting by manifest.
113 silly tarball no local data for @hugeicons/core-free-icons@https://registry.npmjs.org/@hugeicons/core-free-icons/-/core-free-icons-4.1.1.tgz. Extracting by manifest.
114 http fetch GET 200 https://registry.npmjs.org/motion-utils/-/motion-utils-12.36.0.tgz 112ms (cache miss)
115 http fetch POST 200 https://registry.npmjs.org/-/npm/v1/security/advisories/bulk 158ms
116 silly audit report {
116 silly audit report   'brace-expansion': [
116 silly audit report     {
116 silly audit report       id: 1115540,
116 silly audit report       url: 'https://github.com/advisories/GHSA-f886-m6hf-6m8v',
116 silly audit report       title: 'brace-expansion: Zero-step sequence causes process hang and memory exhaustion',
116 silly audit report       severity: 'moderate',
116 silly audit report       vulnerable_versions: '<1.1.13',
116 silly audit report       cwe: [Array],
116 silly audit report       cvss: [Object]
116 silly audit report     },
116 silly audit report     {
116 silly audit report       id: 1115541,
116 silly audit report       url: 'https://github.com/advisories/GHSA-f886-m6hf-6m8v',
116 silly audit report       title: 'brace-expansion: Zero-step sequence causes process hang and memory exhaustion',
116 silly audit report       severity: 'moderate',
116 silly audit report       vulnerable_versions: '>=2.0.0 <2.0.3',
116 silly audit report       cwe: [Array],
116 silly audit report       cvss: [Object]
116 silly audit report     }
116 silly audit report   ],
116 silly audit report   minimatch: [
116 silly audit report     {
116 silly audit report       id: 1113459,
116 silly audit report       url: 'https://github.com/advisories/GHSA-3ppc-4f35-3m26',
116 silly audit report       title: 'minimatch has a ReDoS via repeated wildcards with non-matching literal in pattern',
116 silly audit report       severity: 'high',
116 silly audit report       vulnerable_versions: '<3.1.3',
116 silly audit report       cwe: [Array],
116 silly audit report       cvss: [Object]
116 silly audit report     },
116 silly audit report     {
116 silly audit report       id: 1113465,
116 silly audit report       url: 'https://github.com/advisories/GHSA-3ppc-4f35-3m26',
116 silly audit report       title: 'minimatch has a ReDoS via repeated wildcards with non-matching literal in pattern',
116 silly audit report       severity: 'high',
116 silly audit report       vulnerable_versions: '>=9.0.0 <9.0.6',
116 silly audit report       cwe: [Array],
116 silly audit report       cvss: [Object]
116 silly audit report     },
116 silly audit report     {
116 silly audit report       id: 1113538,
116 silly audit report       url: 'https://github.com/advisories/GHSA-7r86-cg39-jmmj',
116 silly audit report       title: 'minimatch has ReDoS: matchOne() combinatorial backtracking via multiple non-adjacent GLOBSTAR segments',
116 silly audit report       severity: 'high',
116 silly audit report       vulnerable_versions: '<3.1.3',
116 silly audit report       cwe: [Array],
116 silly audit report       cvss: [Object]
116 silly audit report     },
116 silly audit report     {
116 silly audit report       id: 1113544,
116 silly audit report       url: 'https://github.com/advisories/GHSA-7r86-cg39-jmmj',
116 silly audit report       title: 'minimatch has ReDoS: matchOne() combinatorial backtracking via multiple non-adjacent GLOBSTAR segments',
116 silly audit report       severity: 'high',
116 silly audit report       vulnerable_versions: '>=9.0.0 <9.0.7',
116 silly audit report       cwe: [Array],
116 silly audit report       cvss: [Object]
116 silly audit report     },
116 silly audit report     {
116 silly audit report       id: 1113546,
116 silly audit report       url: 'https://github.com/advisories/GHSA-23c5-xmqv-rm74',
116 silly audit report       title: 'minimatch ReDoS: nested *() extglobs generate catastrophically backtracking regular expressions',
116 silly audit report       severity: 'high',
116 silly audit report       vulnerable_versions: '<3.1.4',
116 silly audit report       cwe: [Array],
116 silly audit report       cvss: [Object]
116 silly audit report     },
116 silly audit report     {
116 silly audit report       id: 1113552,
116 silly audit report       url: 'https://github.com/advisories/GHSA-23c5-xmqv-rm74',
116 silly audit report       title: 'minimatch ReDoS: nested *() extglobs generate catastrophically backtracking regular expressions',
116 silly audit report       severity: 'high',
116 silly audit report       vulnerable_versions: '>=9.0.0 <9.0.7',
116 silly audit report       cwe: [Array],
116 silly audit report       cvss: [Object]
116 silly audit report     }
116 silly audit report   ],
116 silly audit report   ajv: [
116 silly audit report     {
116 silly audit report       id: 1113714,
116 silly audit report       url: 'https://github.com/advisories/GHSA-2g4f-4pwh-qvx6',
116 silly audit report       title: 'ajv has ReDoS when using `$data` option',
116 silly audit report       severity: 'moderate',
116 silly audit report       vulnerable_versions: '<6.14.0',
116 silly audit report       cwe: [Array],
116 silly audit report       cvss: [Object]
116 silly audit report     }
116 silly audit report   ],
116 silly audit report   flatted: [
116 silly audit report     {
116 silly audit report       id: 1114526,
116 silly audit report       url: 'https://github.com/advisories/GHSA-25h7-pfq9-p65f',
116 silly audit report       title: 'flatted vulnerable to unbounded recursion DoS in parse() revive phase',
116 silly audit report       severity: 'high',
116 silly audit report       vulnerable_versions: '<3.4.0',
116 silly audit report       cwe: [Array],
116 silly audit report       cvss: [Object]
116 silly audit report     },
116 silly audit report     {
116 silly audit report       id: 1115357,
116 silly audit report       url: 'https://github.com/advisories/GHSA-rf6f-7fwh-wjgh',
116 silly audit report       title: 'Prototype Pollution via parse() in NodeJS flatted',
116 silly audit report       severity: 'high',
116 silly audit report       vulnerable_versions: '<=3.4.1',
116 silly audit report       cwe: [Array],
116 silly audit report       cvss: [Object]
116 silly audit report     }
116 silly audit report   ],
116 silly audit report   next: [
116 silly audit report     {
116 silly audit report       id: 1114898,
116 silly audit report       url: 'https://github.com/advisories/GHSA-ggv3-7p47-pfv8',
116 silly audit report       title: 'Next.js: HTTP request smuggling in rewrites',
116 silly audit report       severity: 'moderate',
116 silly audit report       vulnerable_versions: '>=16.0.0-beta.0 <16.1.7',
116 silly audit report       cwe: [Array],
116 silly audit report       cvss: [Object]
116 silly audit report     },
116 silly audit report     {
116 silly audit report       id: 1114941,
116 silly audit report       url: 'https://github.com/advisories/GHSA-3x4c-7xq6-9pq8',
116 silly audit report       title: 'Next.js: Unbounded next/image disk cache growth can exhaust storage',
116 silly audit report       severity: 'moderate',
116 silly audit report       vulnerable_versions: '>=16.0.0-beta.0 <16.1.7',
116 silly audit report       cwe: [Array],
116 silly audit report       cvss: [Object]
116 silly audit report     },
116 silly audit report     {
116 silly audit report       id: 1114942,
116 silly audit report       url: 'https://github.com/advisories/GHSA-h27x-g6w4-24gq',
116 silly audit report       title: 'Next.js: Unbounded postponed resume buffering can lead to DoS',
116 silly audit report       severity: 'moderate',
116 silly audit report       vulnerable_versions: '>=16.0.1 <16.1.7',
116 silly audit report       cwe: [Array],
116 silly audit report       cvss: [Object]
116 silly audit report     },
116 silly audit report     {
116 silly audit report       id: 1114943,
116 silly audit report       url: 'https://github.com/advisories/GHSA-mq59-m269-xvcx',
116 silly audit report       title: 'Next.js: null origin can bypass Server Actions CSRF checks',
116 silly audit report       severity: 'moderate',
116 silly audit report       vulnerable_versions: '>=16.0.1 <16.1.7',
116 silly audit report       cwe: [Array],
116 silly audit report       cvss: [Object]
116 silly audit report     },
116 silly audit report     {
116 silly audit report       id: 1115360,
116 silly audit report       url: 'https://github.com/advisories/GHSA-jcc7-9wpm-mj36',
116 silly audit report       title: 'Next.js: null origin can bypass dev HMR websocket CSRF checks',
116 silly audit report       severity: 'low',
116 silly audit report       vulnerable_versions: '>=16.0.1 <16.1.7',
116 silly audit report       cwe: [Array],
116 silly audit report       cvss: [Object]
116 silly audit report     }
116 silly audit report   ],
116 silly audit report   picomatch: [
116 silly audit report     {
116 silly audit report       id: 1115549,
116 silly audit report       url: 'https://github.com/advisories/GHSA-3v7f-55p6-f55p',
116 silly audit report       title: 'Picomatch: Method Injection in POSIX Character Classes causes incorrect Glob Matching',
116 silly audit report       severity: 'moderate',
116 silly audit report       vulnerable_versions: '<2.3.2',
116 silly audit report       cwe: [Array],
116 silly audit report       cvss: [Object]
116 silly audit report     },
116 silly audit report     {
116 silly audit report       id: 1115551,
116 silly audit report       url: 'https://github.com/advisories/GHSA-3v7f-55p6-f55p',
116 silly audit report       title: 'Picomatch: Method Injection in POSIX Character Classes causes incorrect Glob Matching',
116 silly audit report       severity: 'moderate',
116 silly audit report       vulnerable_versions: '>=4.0.0 <4.0.4',
116 silly audit report       cwe: [Array],
116 silly audit report       cvss: [Object]
116 silly audit report     },
116 silly audit report     {
116 silly audit report       id: 1115552,
116 silly audit report       url: 'https://github.com/advisories/GHSA-c2c7-rcm5-vvqj',
116 silly audit report       title: 'Picomatch has a ReDoS vulnerability via extglob quantifiers',
116 silly audit report       severity: 'high',
116 silly audit report       vulnerable_versions: '<2.3.2',
116 silly audit report       cwe: [Array],
116 silly audit report       cvss: [Object]
116 silly audit report     },
116 silly audit report     {
116 silly audit report       id: 1115554,
116 silly audit report       url: 'https://github.com/advisories/GHSA-c2c7-rcm5-vvqj',
116 silly audit report       title: 'Picomatch has a ReDoS vulnerability via extglob quantifiers',
116 silly audit report       severity: 'high',
116 silly audit report       vulnerable_versions: '>=4.0.0 <4.0.4',
116 silly audit report       cwe: [Array],
116 silly audit report       cvss: [Object]
116 silly audit report     }
116 silly audit report   ]
116 silly audit report }
117 silly packumentCache corgi:https://registry.npmjs.org/brace-expansion cache-miss
118 silly packumentCache corgi:https://registry.npmjs.org/minimatch cache-miss
119 silly packumentCache corgi:https://registry.npmjs.org/ajv cache-miss
120 silly packumentCache corgi:https://registry.npmjs.org/flatted cache-miss
121 silly packumentCache corgi:https://registry.npmjs.org/next cache-miss
122 silly packumentCache corgi:https://registry.npmjs.org/picomatch cache-miss
123 http fetch GET 200 https://registry.npmjs.org/esm-env/-/esm-env-1.2.2.tgz 202ms (cache miss)
124 http fetch GET 200 https://registry.npmjs.org/brace-expansion 104ms (cache miss)
125 silly packumentCache corgi:https://registry.npmjs.org/brace-expansion set size:undefined disposed:false
126 http fetch GET 200 https://registry.npmjs.org/clsx/-/clsx-2.1.1.tgz 261ms (cache miss)
127 http fetch GET 200 https://registry.npmjs.org/@number-flow/react/-/react-0.6.0.tgz 261ms (cache miss)
128 http fetch GET 200 https://registry.npmjs.org/ajv 113ms (cache miss)
129 silly packumentCache corgi:https://registry.npmjs.org/ajv set size:undefined disposed:false
130 http fetch GET 200 https://registry.npmjs.org/minimatch 137ms (cache miss)
131 silly packumentCache corgi:https://registry.npmjs.org/minimatch set size:undefined disposed:false
132 http fetch GET 200 https://registry.npmjs.org/number-flow/-/number-flow-0.6.0.tgz 298ms (cache miss)
133 http fetch GET 200 https://registry.npmjs.org/@hugeicons/react/-/react-1.1.6.tgz 322ms (cache miss)
134 http fetch GET 200 https://registry.npmjs.org/motion/-/motion-12.38.0.tgz 345ms (cache miss)
135 http fetch GET 200 https://registry.npmjs.org/picomatch 203ms (cache miss)
136 silly packumentCache corgi:https://registry.npmjs.org/picomatch set size:undefined disposed:false
137 http fetch GET 200 https://registry.npmjs.org/tailwind-merge/-/tailwind-merge-3.5.0.tgz 363ms (cache miss)
138 http fetch GET 200 https://registry.npmjs.org/flatted 216ms (cache miss)
139 silly packumentCache corgi:https://registry.npmjs.org/flatted set size:undefined disposed:false
140 http fetch GET 200 https://registry.npmjs.org/next 606ms (cache miss)
141 silly packumentCache corgi:https://registry.npmjs.org/next set size:undefined disposed:false
142 silly packumentCache corgi:https://registry.npmjs.org/@eslint%2fconfig-array cache-miss
143 silly packumentCache corgi:https://registry.npmjs.org/@eslint%2feslintrc cache-miss
144 silly packumentCache corgi:https://registry.npmjs.org/eslint cache-miss
145 silly packumentCache corgi:https://registry.npmjs.org/eslint-plugin-import cache-miss
146 silly packumentCache corgi:https://registry.npmjs.org/eslint-plugin-jsx-a11y cache-miss
147 silly packumentCache corgi:https://registry.npmjs.org/eslint-plugin-react cache-miss
148 http fetch GET 200 https://registry.npmjs.org/motion-dom/-/motion-dom-12.38.0.tgz 2242ms (cache miss)
149 http fetch GET 200 https://registry.npmjs.org/eslint-plugin-import 106ms (cache miss)
150 silly packumentCache corgi:https://registry.npmjs.org/eslint-plugin-import set size:undefined disposed:false
151 http fetch GET 200 https://registry.npmjs.org/eslint-plugin-jsx-a11y 112ms (cache miss)
152 silly packumentCache corgi:https://registry.npmjs.org/eslint-plugin-jsx-a11y set size:undefined disposed:false
153 http fetch GET 200 https://registry.npmjs.org/@eslint%2feslintrc 158ms (cache miss)
154 silly packumentCache corgi:https://registry.npmjs.org/@eslint%2feslintrc set size:undefined disposed:false
155 http fetch GET 200 https://registry.npmjs.org/@eslint%2fconfig-array 171ms (cache miss)
156 silly packumentCache corgi:https://registry.npmjs.org/@eslint%2fconfig-array set size:undefined disposed:false
157 http fetch GET 200 https://registry.npmjs.org/framer-motion/-/framer-motion-12.38.0.tgz 2362ms (cache miss)
158 http fetch GET 200 https://registry.npmjs.org/eslint-plugin-react 171ms (cache miss)
159 silly packumentCache corgi:https://registry.npmjs.org/eslint-plugin-react set size:undefined disposed:false
160 http fetch GET 200 https://registry.npmjs.org/eslint 184ms (cache miss)
161 silly packumentCache corgi:https://registry.npmjs.org/eslint set size:undefined disposed:false
162 silly packumentCache corgi:https://registry.npmjs.org/@typescript-eslint%2ftypescript-estree cache-miss
163 http fetch GET 200 https://registry.npmjs.org/@typescript-eslint%2ftypescript-estree 337ms (cache miss)
164 silly packumentCache corgi:https://registry.npmjs.org/@typescript-eslint%2ftypescript-estree set size:undefined disposed:false
165 silly packumentCache corgi:https://registry.npmjs.org/flat-cache cache-miss
166 http fetch GET 200 https://registry.npmjs.org/flat-cache 80ms (cache miss)
167 silly packumentCache corgi:https://registry.npmjs.org/flat-cache set size:undefined disposed:false
168 silly packumentCache corgi:https://registry.npmjs.org/micromatch cache-miss
169 http fetch GET 200 https://registry.npmjs.org/micromatch 153ms (cache miss)
170 silly packumentCache corgi:https://registry.npmjs.org/micromatch set size:undefined disposed:false
171 silly packumentCache corgi:https://registry.npmjs.org/tinyglobby cache-miss
172 silly packumentCache corgi:https://registry.npmjs.org/fdir cache-miss
173 http fetch GET 200 https://registry.npmjs.org/tinyglobby 83ms (cache miss)
174 silly packumentCache corgi:https://registry.npmjs.org/tinyglobby set size:undefined disposed:false
175 http fetch GET 200 https://registry.npmjs.org/fdir 87ms (cache miss)
176 silly packumentCache corgi:https://registry.npmjs.org/fdir set size:undefined disposed:false
177 http fetch GET 200 https://registry.npmjs.org/@hugeicons/core-free-icons/-/core-free-icons-4.1.1.tgz 7538ms (cache miss)
178 silly ADD node_modules/motion-utils
179 silly ADD node_modules/motion-dom
180 silly ADD node_modules/framer-motion
181 silly ADD node_modules/number-flow
182 silly ADD node_modules/esm-env
183 silly ADD node_modules/tailwind-merge
184 silly ADD node_modules/motion
185 silly ADD node_modules/clsx
186 silly ADD node_modules/@number-flow/react
187 silly ADD node_modules/@hugeicons/react
188 silly ADD node_modules/@hugeicons/core-free-icons
189 verbose cwd /Users/sebroda/Desktop/SebastianRoda-Fordham-hackathon
190 verbose os Darwin 25.2.0
191 verbose node v20.19.5
192 verbose npm  v11.6.2
193 notice
193 notice New minor version of npm available! 11.6.2 -> 11.12.1
193 notice Changelog: https://github.com/npm/cli/releases/tag/v11.12.1
193 notice To update run: npm install -g npm@11.12.1
193 notice  { force: true, [Symbol(proc-log.meta)]: true }
194 verbose exit 0
195 info ok
